

*******************************************************************************
Fri Feb 16 21:16:04 2024


FIT:    data read from "MCpi.dat" u ($1/100):2
        format = x:z
        x range restricted to [80000.0 : 100000.]
BREAK: No data to fit

*******************************************************************************
Fri Feb 16 21:16:24 2024


FIT:    data read from "MCpi.dat" u 1:2
        format = x:z
        x range restricted to [80000.0 : 100000.]
        #datapoints = 201
        residuals are weighted equally (unit weight)

function used for fitting: l(x)
	l(x)=n
fitted parameters initialized with current variable values

iter      chisq       delta/lim  lambda   n            
   0 9.2181033450e+02   0.00e+00  1.00e+00    1.000000e+00
   3 6.3816568409e-03  -8.76e-04  1.00e-03    3.141516e+00

After 3 iterations the fit converged.
final sum of squares of residuals : 0.00638166
rel. change during last iteration : -8.76127e-09

degrees of freedom    (FIT_NDF)                        : 200
rms of residuals      (FIT_STDFIT) = sqrt(WSSR/ndf)    : 0.00564874
variance of residuals (reduced chisquare) = WSSR/ndf   : 3.19083e-05

Final set of parameters            Asymptotic Standard Error
=======================            ==========================
n               = 3.14152          +/- 0.0003984    (0.01268%)


*******************************************************************************
Fri Feb 16 21:16:44 2024


FIT:    data read from "MCpi.dat" u 1:2
        format = x:z
        x range restricted to [80000.0 : 100000.]
        #datapoints = 201
        residuals are weighted equally (unit weight)

function used for fitting: l(x)
	l(x)=n
fitted parameters initialized with current variable values

iter      chisq       delta/lim  lambda   n            
   0 6.3816568409e-03   0.00e+00  3.14e+00    3.141516e+00
   1 6.3816568409e-03   0.00e+00  3.14e-01    3.141516e+00

After 1 iterations the fit converged.
final sum of squares of residuals : 0.00638166
rel. change during last iteration : 0

degrees of freedom    (FIT_NDF)                        : 200
rms of residuals      (FIT_STDFIT) = sqrt(WSSR/ndf)    : 0.00564874
variance of residuals (reduced chisquare) = WSSR/ndf   : 3.19083e-05

Final set of parameters            Asymptotic Standard Error
=======================            ==========================
n               = 3.14152          +/- 0.0003984    (0.01268%)


*******************************************************************************
Fri Feb 16 21:16:59 2024


FIT:    data read from "MCpi.dat" u 1:2
        format = x:z
        x range restricted to [80000.0 : 100000.]
        #datapoints = 201
        residuals are weighted equally (unit weight)

function used for fitting: l(x)
	l(x)=n
fitted parameters initialized with current variable values

iter      chisq       delta/lim  lambda   n            
   0 6.3816568409e-03   0.00e+00  3.14e+00    3.141516e+00
   1 6.3816568409e-03   0.00e+00  3.14e-01    3.141516e+00

After 1 iterations the fit converged.
final sum of squares of residuals : 0.00638166
rel. change during last iteration : 0

degrees of freedom    (FIT_NDF)                        : 200
rms of residuals      (FIT_STDFIT) = sqrt(WSSR/ndf)    : 0.00564874
variance of residuals (reduced chisquare) = WSSR/ndf   : 3.19083e-05

Final set of parameters            Asymptotic Standard Error
=======================            ==========================
n               = 3.14152          +/- 0.0003984    (0.01268%)


*******************************************************************************
Fri Feb 16 21:17:46 2024


FIT:    data read from "MCpi.dat" u 1:2
        format = x:z
        x range restricted to [60000.0 : 100000.]
        #datapoints = 401
        residuals are weighted equally (unit weight)

function used for fitting: l(x)
	l(x)=n
fitted parameters initialized with current variable values

iter      chisq       delta/lim  lambda   n            
   0 1.4989909765e-02   0.00e+00  3.14e+00    3.141516e+00
   1 1.4989890314e-02  -1.30e-01  3.14e-01    3.141509e+00

After 1 iterations the fit converged.
final sum of squares of residuals : 0.0149899
rel. change during last iteration : -1.29761e-06

degrees of freedom    (FIT_NDF)                        : 400
rms of residuals      (FIT_STDFIT) = sqrt(WSSR/ndf)    : 0.00612166
variance of residuals (reduced chisquare) = WSSR/ndf   : 3.74747e-05

Final set of parameters            Asymptotic Standard Error
=======================            ==========================
n               = 3.14151          +/- 0.0003057    (0.009731%)


*******************************************************************************
Fri Feb 16 21:18:02 2024


FIT:    data read from "MCpi.dat" u 1:2
        format = x:z
        x range restricted to [80000.0 : 100000.]
        #datapoints = 201
        residuals are weighted equally (unit weight)

function used for fitting: l(x)
	l(x)=n
fitted parameters initialized with current variable values

iter      chisq       delta/lim  lambda   n            
   0 6.3816665423e-03   0.00e+00  3.14e+00    3.141509e+00
   1 6.3816568411e-03  -1.52e-01  3.14e-01    3.141516e+00

After 1 iterations the fit converged.
final sum of squares of residuals : 0.00638166
rel. change during last iteration : -1.52016e-06

degrees of freedom    (FIT_NDF)                        : 200
rms of residuals      (FIT_STDFIT) = sqrt(WSSR/ndf)    : 0.00564874
variance of residuals (reduced chisquare) = WSSR/ndf   : 3.19083e-05

Final set of parameters            Asymptotic Standard Error
=======================            ==========================
n               = 3.14152          +/- 0.0003984    (0.01268%)
